# START for 2020-03-21: table initialisation
# Full import for 2020-03-21 (took 1 seconds)
# 2020-03-22 (890 insertions(+), 203 deletions(-) = 10%, took 2 seconds)
# 2020-03-23 (1732 insertions(+), 298 deletions(-) = 20%, took 4 seconds)
# 2020-03-24 (12773 insertions(+), 10353 deletions(-) = 100%, took 20 seconds)
# 2020-03-25 (2654 insertions(+), 856 deletions(-) = 20%, took 6 seconds)
# 2020-03-26 (2188 insertions(+), 2188 deletions(-) = 20%, took 5 seconds)
# 2020-03-27 (18583 insertions(+), 14478 deletions(-) = 100%, took 30 seconds)
# 2020-03-28 (3548 insertions(+), 1238 deletions(-) = 20%, took 7 seconds)
# 2020-03-29 (2463 insertions(+), 1292 deletions(-) = 10%, took 6 seconds)
# 2020-03-30 (4684 insertions(+), 1729 deletions(-) = 20%, took 9 seconds)
# 2020-03-31 (2990 insertions(+), 3607 deletions(-) = 10%, took 6 seconds)
# 2020-04-01 (3586 insertions(+), 1238 deletions(-) = 10%, took 8 seconds)
# 2020-04-02 (3741 insertions(+), 1486 deletions(-) = 10%, took 8 seconds)
# 2020-04-03 (3910 insertions(+), 1853 deletions(-) = 10%, took 10 seconds)
# 2020-04-04 (3694 insertions(+), 1527 deletions(-) = 10%, took 8 seconds)
# 2020-04-05 (3415 insertions(+), 1498 deletions(-) = 9%, took 7 seconds)
# 2020-04-06 (2645 insertions(+), 1399 deletions(-) = 7%, took 7 seconds)
# 2020-04-07 (2914 insertions(+), 1179 deletions(-) = 7%, took 7 seconds)
# 2020-04-08 (76191 insertions(+), 39501 deletions(-) = 100%, took 100 seconds)
# 2020-04-09 (9159 insertions(+), 5043 deletions(-) = 10%, took 20 seconds)
# 2020-04-10 (9283 insertions(+), 5223 deletions(-) = 10%, took 20 seconds)
# 2020-04-11 (66804 insertions(+), 63844 deletions(-) = 80%, took 100 seconds)
# 2020-04-12 (68035 insertions(+), 65951 deletions(-) = 80%, took 100 seconds)
# 2020-04-13 (6604 insertions(+), 4544 deletions(-) = 7%, took 20 seconds)
# 2020-04-14 (5600 insertions(+), 3993 deletions(-) = 6%, took 40 seconds)
# 2020-04-15 (7177 insertions(+), 4800 deletions(-) = 8%, took 20 seconds)
# 2020-04-16 (7860 insertions(+), 5190 deletions(-) = 8%, took 20 seconds)
# 2020-04-17 (8325 insertions(+), 5263 deletions(-) = 8%, took 20 seconds)
# 2020-04-18 (7437 insertions(+), 4623 deletions(-) = 7%, took 20 seconds)
# 2020-04-19 (5732 insertions(+), 3800 deletions(-) = 5%, took 20 seconds)
# 2020-04-20 (5222 insertions(+), 3888 deletions(-) = 5%, took 20 seconds)
# 2020-04-21 (6099 insertions(+), 4306 deletions(-) = 6%, took 20 seconds)
# 2020-04-22 (6996 insertions(+), 4801 deletions(-) = 6%, took 20 seconds)
# 2020-04-23 (6890 insertions(+), 4773 deletions(-) = 6%, took 30 seconds)
# 2020-04-24 (6398 insertions(+), 4423 deletions(-) = 6%, took 20 seconds)
# 2020-04-25 (5905 insertions(+), 4199 deletions(-) = 5%, took 20 seconds)
# 2020-04-26 (4351 insertions(+), 3147 deletions(-) = 4%, took 20 seconds)
# 2020-04-27 (118951 insertions(+), 118257 deletions(-) = 100%, took 200 seconds)
# 2020-04-28 (138457 insertions(+), 118951 deletions(-) = 100%, took 200 seconds)
# 2020-04-29 (5260 insertions(+), 4000 deletions(-) = 4%, took 50 seconds)
# 2020-04-30 (123396 insertions(+), 139717 deletions(-) = 100%, took 200 seconds)
# 2020-05-01 (5666 insertions(+), 4077 deletions(-) = 5%, took 20 seconds)
# 2020-05-02 (3478 insertions(+), 2894 deletions(-) = 3%, took 20 seconds)
# 2020-05-03 (2638 insertions(+), 1980 deletions(-) = 2%, took 20 seconds)
# 2020-05-04 (2957 insertions(+), 2355 deletions(-) = 2%, took 20 seconds)
# 2020-05-05 (3621 insertions(+), 2795 deletions(-) = 3%, took 20 seconds)
# 2020-05-06 (4120 insertions(+), 3146 deletions(-) = 3%, took 20 seconds)
# 2020-05-07 (4829 insertions(+), 3592 deletions(-) = 4%, took 20 seconds)
# 2020-05-08 (4568 insertions(+), 3213 deletions(-) = 3%, took 20 seconds)
# 2020-05-09 (3526 insertions(+), 2490 deletions(-) = 3%, took 20 seconds)
# 2020-05-10 (2606 insertions(+), 2076 deletions(-) = 2%, took 20 seconds)
# 2020-05-11 (2137 insertions(+), 1699 deletions(-) = 2%, took 20 seconds)
# 2020-05-12 (3076 insertions(+), 2110 deletions(-) = 2%, took 20 seconds)
# 2020-05-13 (3314 insertions(+), 2561 deletions(-) = 2%, took 20 seconds)
# 2020-05-14 (3787 insertions(+), 2648 deletions(-) = 3%, took 20 seconds)
# 2020-05-15 (3595 insertions(+), 2668 deletions(-) = 3%, took 20 seconds)
# 2020-05-16 (2798 insertions(+), 2150 deletions(-) = 2%, took 20 seconds)
# 2020-05-17 (1795 insertions(+), 1397 deletions(-) = 1%, took 10 seconds)
# 2020-05-18 (1466 insertions(+), 1215 deletions(-) = 1%, took 20 seconds)
# 2020-05-19 (2334 insertions(+), 1732 deletions(-) = 2%, took 20 seconds)
# 2020-05-20 (2724 insertions(+), 1940 deletions(-) = 2%, took 20 seconds)
# 2020-05-21 (2536 insertions(+), 1822 deletions(-) = 2%, took 20 seconds)
# 2020-05-22 (1940 insertions(+), 1506 deletions(-) = 1%, took 20 seconds)
# 2020-05-23 (2101 insertions(+), 1435 deletions(-) = 1%, took 20 seconds)
# 2020-05-24 (1140 insertions(+), 805 deletions(-) = 0.8%, took 20 seconds)
# 2020-05-25 (1065 insertions(+), 886 deletions(-) = 0.7%, took 20 seconds)
# 2020-05-26 (1905 insertions(+), 1361 deletions(-) = 1%, took 20 seconds)
# 2020-05-27 (1769 insertions(+), 1356 deletions(-) = 1%, took 20 seconds)
# 2020-05-28 (2987 insertions(+), 2084 deletions(-) = 2%, took 20 seconds)
# 2020-05-29 (2575 insertions(+), 2048 deletions(-) = 2%, took 20 seconds)
# 2020-05-30 (1730 insertions(+), 1191 deletions(-) = 1%, took 20 seconds)
# 2020-05-31 (810 insertions(+), 662 deletions(-) = 0.6%, took 20 seconds)
# 2020-06-01 (1051 insertions(+), 738 deletions(-) = 0.7%, took 20 seconds)
# 2020-06-02 (846 insertions(+), 675 deletions(-) = 0.6%, took 20 seconds)
# 2020-06-03 (1505 insertions(+), 1066 deletions(-) = 1%, took 20 seconds)
# 2020-06-04 (1501 insertions(+), 1102 deletions(-) = 1%, took 20 seconds)
# 2020-06-05 (2043 insertions(+), 1468 deletions(-) = 1%, took 20 seconds)
# 2020-06-06 (1596 insertions(+), 1148 deletions(-) = 1%, took 30 seconds)
# 2020-06-07 (948 insertions(+), 670 deletions(-) = 0.6%, took 20 seconds)
# 2020-06-08 (742 insertions(+), 538 deletions(-) = 0.5%, took 30 seconds)
# 2020-06-09 (1502 insertions(+), 1051 deletions(-) = 1%, took 20 seconds)
# 2020-06-10 (1367 insertions(+), 1015 deletions(-) = 0.9%, took 20 seconds)
# 2020-06-11 (1799 insertions(+), 1150 deletions(-) = 1%, took 20 seconds)
# 2020-06-12 (1116 insertions(+), 916 deletions(-) = 0.7%, took 20 seconds)
# 2020-06-13 (1145 insertions(+), 806 deletions(-) = 0.8%, took 20 seconds)
# 2020-06-14 (488 insertions(+), 360 deletions(-) = 0.3%, took 20 seconds)
# 2020-06-15 (683 insertions(+), 492 deletions(-) = 0.5%, took 20 seconds)
# 2020-06-16 (1170 insertions(+), 727 deletions(-) = 0.8%, took 20 seconds)
# 2020-06-17 (1395 insertions(+), 945 deletions(-) = 0.9%, took 20 seconds)
# 2020-06-18 (1432 insertions(+), 893 deletions(-) = 0.9%, took 20 seconds)
# 2020-06-19 (1237 insertions(+), 719 deletions(-) = 0.8%, took 20 seconds)
# 2020-06-20 (1184 insertions(+), 660 deletions(-) = 0.8%, took 20 seconds)
# 2020-06-21 (600 insertions(+), 368 deletions(-) = 0.4%, took 20 seconds)
# 2020-06-22 (700 insertions(+), 475 deletions(-) = 0.5%, took 20 seconds)
# 2020-06-23 (1202 insertions(+), 713 deletions(-) = 0.8%, took 20 seconds)
# 2020-06-24 (1401 insertions(+), 946 deletions(-) = 0.9%, took 20 seconds)
# 2020-06-25 (1274 insertions(+), 827 deletions(-) = 0.8%, took 30 seconds)
# 2020-06-26 (1236 insertions(+), 840 deletions(-) = 0.8%, took 20 seconds)
# 2020-06-27 (1290 insertions(+), 766 deletions(-) = 0.8%, took 20 seconds)
# 2020-06-28 (598 insertions(+), 433 deletions(-) = 0.4%, took 20 seconds)
# 2020-06-29 (561 insertions(+), 420 deletions(-) = 0.4%, took 20 seconds)
# 2020-06-30 (997 insertions(+), 544 deletions(-) = 0.6%, took 20 seconds)
# 2020-07-01 (1116 insertions(+), 698 deletions(-) = 0.7%, took 20 seconds)
# 2020-07-02 (1116 insertions(+), 669 deletions(-) = 0.7%, took 20 seconds)
# 2020-07-03 (1161 insertions(+), 721 deletions(-) = 0.7%, took 20 seconds)
# 2020-07-04 (1004 insertions(+), 635 deletions(-) = 0.6%, took 20 seconds)
# 2020-07-05 (485 insertions(+), 348 deletions(-) = 0.3%, took 20 seconds)
# 2020-07-06 (642 insertions(+), 451 deletions(-) = 0.4%, took 20 seconds)
# 2020-07-07 (881 insertions(+), 512 deletions(-) = 0.6%, took 20 seconds)
# 2020-07-08 (992 insertions(+), 640 deletions(-) = 0.6%, took 20 seconds)
# 2020-07-09 (1000 insertions(+), 599 deletions(-) = 0.6%, took 20 seconds)
# 2020-07-10 (1070 insertions(+), 668 deletions(-) = 0.7%, took 20 seconds)
# 2020-07-11 (862 insertions(+), 529 deletions(-) = 0.5%, took 20 seconds)
# 2020-07-12 (476 insertions(+), 300 deletions(-) = 0.3%, took 20 seconds)
# 2020-07-13 (541 insertions(+), 403 deletions(-) = 0.3%, took 20 seconds)
# 2020-07-14 (949 insertions(+), 532 deletions(-) = 0.6%, took 20 seconds)
# 2020-07-15 (880 insertions(+), 549 deletions(-) = 0.5%, took 20 seconds)
# 2020-07-16 (1015 insertions(+), 579 deletions(-) = 0.6%, took 20 seconds)
# 2020-07-17 (1078 insertions(+), 595 deletions(-) = 0.7%, took 20 seconds)
# 2020-07-18 (1043 insertions(+), 561 deletions(-) = 0.6%, took 20 seconds)
# 2020-07-19 (487 insertions(+), 367 deletions(-) = 0.3%, took 20 seconds)
# 2020-07-20 (551 insertions(+), 356 deletions(-) = 0.3%, took 20 seconds)
# 2020-07-21 (895 insertions(+), 409 deletions(-) = 0.5%, took 20 seconds)
# 2020-07-22 (945 insertions(+), 540 deletions(-) = 0.6%, took 20 seconds)
# 2020-07-23 (1010 insertions(+), 524 deletions(-) = 0.6%, took 20 seconds)
# 2020-07-24 (1276 insertions(+), 593 deletions(-) = 0.8%, took 20 seconds)
# 2020-07-25 (1290 insertions(+), 575 deletions(-) = 0.8%, took 20 seconds)
# 2020-07-26 (536 insertions(+), 322 deletions(-) = 0.3%, took 20 seconds)
# 2020-07-27 (640 insertions(+), 433 deletions(-) = 0.4%, took 20 seconds)
# 2020-07-28 (1099 insertions(+), 541 deletions(-) = 0.7%, took 20 seconds)
# 2020-07-29 (1390 insertions(+), 779 deletions(-) = 0.8%, took 20 seconds)
# 2020-07-30 (1469 insertions(+), 644 deletions(-) = 0.9%, took 20 seconds)
# 2020-07-31 (1431 insertions(+), 703 deletions(-) = 0.8%, took 20 seconds)
# 2020-08-01 (1286 insertions(+), 571 deletions(-) = 0.8%, took 20 seconds)
# 2020-08-02 (945 insertions(+), 613 deletions(-) = 0.6%, took 20 seconds)
# 2020-08-03 (953 insertions(+), 713 deletions(-) = 0.6%, took 20 seconds)
# 2020-08-04 (1481 insertions(+), 720 deletions(-) = 0.9%, took 20 seconds)
# 2020-08-05 (1464 insertions(+), 839 deletions(-) = 0.9%, took 20 seconds)
# 2020-08-06 (1601 insertions(+), 798 deletions(-) = 0.9%, took 20 seconds)
# 2020-08-07 (1822 insertions(+), 877 deletions(-) = 1%, took 20 seconds)
# 2020-08-08 (1576 insertions(+), 656 deletions(-) = 0.9%, took 20 seconds)
# 2020-08-09 (871 insertions(+), 495 deletions(-) = 0.5%, took 20 seconds)
# 2020-08-10 (1014 insertions(+), 678 deletions(-) = 0.6%, took 20 seconds)
# 2020-08-11 (1586 insertions(+), 784 deletions(-) = 0.9%, took 20 seconds)
# 2020-08-12 (1910 insertions(+), 942 deletions(-) = 1%, took 20 seconds)
# 2020-08-13 (2055 insertions(+), 919 deletions(-) = 1%, took 20 seconds)
# 2020-08-14 (2024 insertions(+), 946 deletions(-) = 1%, took 20 seconds)
# 2020-08-15 (2020 insertions(+), 883 deletions(-) = 1%, took 20 seconds)
# 2020-08-16 (1091 insertions(+), 661 deletions(-) = 0.6%, took 20 seconds)
# 2020-08-17 (1197 insertions(+), 797 deletions(-) = 0.7%, took 20 seconds)
# 2020-08-18 (2042 insertions(+), 931 deletions(-) = 1%, took 20 seconds)
# 2020-08-19 (2346 insertions(+), 1116 deletions(-) = 1%, took 20 seconds)
# 2020-08-20 (2481 insertions(+), 1219 deletions(-) = 1%, took 20 seconds)
# 2020-08-21 (2274 insertions(+), 1199 deletions(-) = 1%, took 20 seconds)
# 2020-08-22 (2758 insertions(+), 1145 deletions(-) = 1%, took 20 seconds)
# 2020-08-23 (1347 insertions(+), 825 deletions(-) = 0.7%, took 20 seconds)
# 2020-08-24 (1598 insertions(+), 1075 deletions(-) = 0.8%, took 20 seconds)
# 2020-08-25 (2244 insertions(+), 1188 deletions(-) = 1%, took 20 seconds)
# 2020-08-26 (2755 insertions(+), 1500 deletions(-) = 1%, took 20 seconds)
# 2020-08-27 (2655 insertions(+), 1450 deletions(-) = 1%, took 20 seconds)
# 2020-08-28 (2759 insertions(+), 1543 deletions(-) = 1%, took 20 seconds)
# 2020-08-29 (2403 insertions(+), 1253 deletions(-) = 1%, took 20 seconds)
# 2020-08-30 (1499 insertions(+), 965 deletions(-) = 0.8%, took 20 seconds)
# 2020-08-31 (1671 insertions(+), 1262 deletions(-) = 0.9%, took 20 seconds)
# 2020-09-01 (2491 insertions(+), 1396 deletions(-) = 1%, took 30 seconds)
# 2020-09-02 (2822 insertions(+), 1686 deletions(-) = 1%, took 30 seconds)
# 2020-09-03 (2547 insertions(+), 1497 deletions(-) = 1%, took 20 seconds)
# 2020-09-04 (2671 insertions(+), 1512 deletions(-) = 1%, took 20 seconds)
# 2020-09-05 (2491 insertions(+), 1379 deletions(-) = 1%, took 20 seconds)
# 2020-09-06 (1740 insertions(+), 1057 deletions(-) = 0.9%, took 20 seconds)
# 2020-09-07 (1994 insertions(+), 1398 deletions(-) = 1%, took 20 seconds)
# 2020-09-08 (2801 insertions(+), 1557 deletions(-) = 1%, took 20 seconds)
# 2020-09-09 (2582 insertions(+), 1565 deletions(-) = 1%, took 30 seconds)
# 2020-09-10 (3089 insertions(+), 1622 deletions(-) = 2%, took 40 seconds)
# 2020-09-11 (2647 insertions(+), 1553 deletions(-) = 1%, took 30 seconds)
# 2020-09-12 (2520 insertions(+), 1258 deletions(-) = 1%, took 20 seconds)
# 2020-09-13 (1627 insertions(+), 980 deletions(-) = 0.8%, took 20 seconds)
# 2020-09-14 (1882 insertions(+), 1189 deletions(-) = 0.9%, took 20 seconds)
# 2020-09-15 (2653 insertions(+), 1488 deletions(-) = 1%, took 30 seconds)
# 2020-09-16 (3105 insertions(+), 1607 deletions(-) = 1%, took 30 seconds)
# 2020-09-17 (3312 insertions(+), 1774 deletions(-) = 2%, took 30 seconds)
# 2020-09-18 (3190 insertions(+), 1735 deletions(-) = 1%, took 30 seconds)
# 2020-09-19 (3143 insertions(+), 1534 deletions(-) = 1%, took 30 seconds)
# 2020-09-20 (2147 insertions(+), 1245 deletions(-) = 1%, took 20 seconds)
# 2020-09-21 (2201 insertions(+), 1529 deletions(-) = 1%, took 20 seconds)
# 2020-09-22 (3161 insertions(+), 1703 deletions(-) = 1%, took 30 seconds)
# 2020-09-23 (3471 insertions(+), 1962 deletions(-) = 2%, took 30 seconds)
# 2020-09-24 (3810 insertions(+), 2043 deletions(-) = 2%, took 30 seconds)
# 2020-09-25 (3565 insertions(+), 1922 deletions(-) = 2%, took 30 seconds)
# 2020-09-26 (3528 insertions(+), 1707 deletions(-) = 2%, took 30 seconds)
# 2020-09-27 (2143 insertions(+), 1372 deletions(-) = 0.9%, took 30 seconds)
# 2020-09-28 (2699 insertions(+), 1741 deletions(-) = 1%, took 30 seconds)
# 2020-09-29 (3435 insertions(+), 1915 deletions(-) = 1%, took 30 seconds)
# 2020-09-30 (3761 insertions(+), 2202 deletions(-) = 2%, took 30 seconds)
# 2020-10-01 (4108 insertions(+), 2214 deletions(-) = 2%, took 30 seconds)
# 2020-10-02 (3979 insertions(+), 2142 deletions(-) = 2%, took 30 seconds)
# 2020-10-03 (3871 insertions(+), 1977 deletions(-) = 2%, took 30 seconds)
# 2020-10-04 (3002 insertions(+), 1553 deletions(-) = 1%, took 30 seconds)
# 2020-10-05 (2861 insertions(+), 1927 deletions(-) = 1%, took 30 seconds)
# 2020-10-06 (4128 insertions(+), 2188 deletions(-) = 2%, took 30 seconds)
# 2020-10-07 (4602 insertions(+), 2516 deletions(-) = 2%, took 30 seconds)
# 2020-10-08 (5406 insertions(+), 2653 deletions(-) = 2%, took 30 seconds)
# 2020-10-09 (5657 insertions(+), 2721 deletions(-) = 2%, took 30 seconds)
# 2020-10-10 (5483 insertions(+), 2601 deletions(-) = 2%, took 30 seconds)
# 2020-10-11 (3825 insertions(+), 2005 deletions(-) = 2%, took 30 seconds)
# 2020-10-12 (3885 insertions(+), 2454 deletions(-) = 2%, took 30 seconds)
# 2020-10-13 (5924 insertions(+), 3026 deletions(-) = 2%, took 30 seconds)
# 2020-10-14 (6755 insertions(+), 3320 deletions(-) = 3%, took 30 seconds)
# 2020-10-15 (7563 insertions(+), 3659 deletions(-) = 3%, took 40 seconds)
# 2020-10-16 (8067 insertions(+), 3920 deletions(-) = 3%, took 40 seconds)
# 2020-10-17 (8067 insertions(+), 3711 deletions(-) = 3%, took 40 seconds)
# 2020-10-18 (5937 insertions(+), 3059 deletions(-) = 2%, took 40 seconds)
# 2020-10-19 (5793 insertions(+), 3530 deletions(-) = 2%, took 30 seconds)
# 2020-10-20 (8511 insertions(+), 4302 deletions(-) = 3%, took 40 seconds)
# 2020-10-21 (9557 insertions(+), 4929 deletions(-) = 3%, took 40 seconds)
# 2020-10-22 (10945 insertions(+), 5129 deletions(-) = 4%, took 40 seconds)
# 2020-10-23 (11195 insertions(+), 5541 deletions(-) = 4%, took 40 seconds)
# 2020-10-24 (12680 insertions(+), 5836 deletions(-) = 4%, took 40 seconds)
# 2020-10-25 (9425 insertions(+), 5095 deletions(-) = 3%, took 40 seconds)
# 2020-10-26 (9404 insertions(+), 5537 deletions(-) = 3%, took 40 seconds)
# 2020-10-27 (12304 insertions(+), 6588 deletions(-) = 4%, took 40 seconds)
# 2020-10-28 (8637 insertions(+), 8637 deletions(-) = 3%, took 40 seconds)
# 2020-10-29 (28585 insertions(+), 13019 deletions(-) = 9%, took 60 seconds)
# 2020-10-30 (16539 insertions(+), 8687 deletions(-) = 5%, took 50 seconds)
# 2020-10-31 (16215 insertions(+), 8317 deletions(-) = 5%, took 50 seconds)
# 2020-11-01 (12575 insertions(+), 7428 deletions(-) = 4%, took 50 seconds)
# 2020-11-02 (12754 insertions(+), 7950 deletions(-) = 4%, took 50 seconds)
# 2020-11-03 (16826 insertions(+), 9440 deletions(-) = 5%, took 50 seconds)
# 2020-11-04 (18860 insertions(+), 10875 deletions(-) = 5%, took 60 seconds)
# 2020-11-05 (20611 insertions(+), 11460 deletions(-) = 5%, took 60 seconds)
# 2020-11-06 (21215 insertions(+), 11979 deletions(-) = 5%, took 60 seconds)
# 2020-11-07 (21460 insertions(+), 12037 deletions(-) = 5%, took 70 seconds)
# 2020-11-08 (15169 insertions(+), 10236 deletions(-) = 4%, took 70 seconds)
# 2020-11-09 (15843 insertions(+), 10419 deletions(-) = 4%, took 60 seconds)
# 2020-11-10 (20087 insertions(+), 11787 deletions(-) = 5%, took 70 seconds)
# 2020-11-11 (22842 insertions(+), 13270 deletions(-) = 5%, took 70 seconds)
# 2020-11-12 (23806 insertions(+), 13884 deletions(-) = 5%, took 70 seconds)
# 2020-11-13 (25254 insertions(+), 14868 deletions(-) = 6%, took 80 seconds)
# 2020-11-14 (23911 insertions(+), 14179 deletions(-) = 5%, took 80 seconds)
# 2020-11-15 (17622 insertions(+), 11746 deletions(-) = 4%, took 70 seconds)
# 2020-11-16 (16031 insertions(+), 11702 deletions(-) = 3%, took 70 seconds)
# 2020-11-17 (22282 insertions(+), 13380 deletions(-) = 5%, took 80 seconds)
# 2020-11-18 (24699 insertions(+), 15504 deletions(-) = 5%, took 80 seconds)
# 2020-11-19 (24515 insertions(+), 14944 deletions(-) = 5%, took 90 seconds)
# 2020-11-20 (26496 insertions(+), 16048 deletions(-) = 5%, took 80 seconds)
# 2020-11-21 (25725 insertions(+), 15823 deletions(-) = 5%, took 90 seconds)
# 2020-11-22 (17951 insertions(+), 12635 deletions(-) = 3%, took 80 seconds)
# 2020-11-23 (17040 insertions(+), 12722 deletions(-) = 3%, took 80 seconds)
# 2020-11-24 (21848 insertions(+), 14168 deletions(-) = 4%, took 90 seconds)
# 2020-11-25 (27645 insertions(+), 17160 deletions(-) = 5%, took 90 seconds)
# 2020-11-26 (28341 insertions(+), 17588 deletions(-) = 5%, took 90 seconds)
# 2020-11-27 (28948 insertions(+), 18337 deletions(-) = 5%, took 90 seconds)
# 2020-11-28 (26784 insertions(+), 17130 deletions(-) = 5%, took 90 seconds)
# 2020-11-29 (17379 insertions(+), 13007 deletions(-) = 3%, took 90 seconds)
# 2020-11-30 (17919 insertions(+), 13152 deletions(-) = 3%, took 80 seconds)
# 2020-12-01 (23782 insertions(+), 15728 deletions(-) = 4%, took 90 seconds)
# 2020-12-02 (27053 insertions(+), 17853 deletions(-) = 4%, took 90 seconds)
# 2020-12-03 (27545 insertions(+), 17366 deletions(-) = 4%, took 100 seconds)
# 2020-12-04 (27890 insertions(+), 17683 deletions(-) = 4%, took 100 seconds)
# 2020-12-05 (26809 insertions(+), 16940 deletions(-) = 4%, took 100 seconds)
# 2020-12-06 (19025 insertions(+), 13317 deletions(-) = 3%, took 90 seconds)
# 2020-12-07 (17664 insertions(+), 13245 deletions(-) = 3%, took 90 seconds)
# 2020-12-08 (23823 insertions(+), 15581 deletions(-) = 4%, took 100 seconds)
# 2020-12-09 (27865 insertions(+), 17321 deletions(-) = 4%, took 100 seconds)
# 2020-12-10 (27776 insertions(+), 17534 deletions(-) = 4%, took 100 seconds)
# 2020-12-11 (31671 insertions(+), 19176 deletions(-) = 5%, took 100 seconds)
# 2020-12-12 (29281 insertions(+), 18954 deletions(-) = 4%, took 100 seconds)
# 2020-12-13 (20143 insertions(+), 14052 deletions(-) = 3%, took 90 seconds)
# 2020-12-14 (19545 insertions(+), 13579 deletions(-) = 3%, took 90 seconds)
# 2020-12-15 (24527 insertions(+), 16580 deletions(-) = 3%, took 100 seconds)
# 2020-12-16 (32809 insertions(+), 19769 deletions(-) = 4%, took 100 seconds)
# 2020-12-17 (31143 insertions(+), 20335 deletions(-) = 4%, took 100 seconds)
# 2020-12-18 (34777 insertions(+), 20719 deletions(-) = 5%, took 100 seconds)
# 2020-12-19 (31421 insertions(+), 20289 deletions(-) = 4%, took 100 seconds)
# 2020-12-20 (22499 insertions(+), 15889 deletions(-) = 3%, took 100 seconds)
# 2020-12-21 (21837 insertions(+), 15660 deletions(-) = 3%, took 100 seconds)
# 2020-12-22 (29619 insertions(+), 18743 deletions(-) = 4%, took 100 seconds)
# 2020-12-23 (32956 insertions(+), 20884 deletions(-) = 4%, took 100 seconds)
# 2020-12-24 (33685 insertions(+), 21147 deletions(-) = 4%, took 100 seconds)
# 2020-12-25 (26350 insertions(+), 19145 deletions(-) = 3%, took 100 seconds)
# 2020-12-26 (20011 insertions(+), 15712 deletions(-) = 2%, took 100 seconds)
# 2020-12-27 (17919 insertions(+), 12230 deletions(-) = 2%, took 100 seconds)
# 2020-12-28 (20176 insertions(+), 14586 deletions(-) = 2%, took 100 seconds)
# 2020-12-29 (27193 insertions(+), 18002 deletions(-) = 3%, took 100 seconds)
# 2020-12-30 (32332 insertions(+), 20591 deletions(-) = 4%, took 100 seconds)
# 2020-12-31 (34356 insertions(+), 20995 deletions(-) = 4%, took 100 seconds)
# 2021-01-01 (27250 insertions(+), 19480 deletions(-) = 3%, took 100 seconds)
# 2021-01-02 (20150 insertions(+), 16041 deletions(-) = 2%, took 100 seconds)
# 2021-01-03 (17992 insertions(+), 13018 deletions(-) = 2%, took 100 seconds)
# 2021-01-04 (19074 insertions(+), 13768 deletions(-) = 2%, took 100 seconds)
# 2021-01-05 (28565 insertions(+), 18703 deletions(-) = 3%, took 100 seconds)
# 2021-01-06 (32544 insertions(+), 20944 deletions(-) = 4%, took 100 seconds)
# 2021-01-07 (33067 insertions(+), 21183 deletions(-) = 4%, took 100 seconds)
# 2021-01-08 (37433 insertions(+), 22667 deletions(-) = 4%, took 100 seconds)
# 2021-01-09 (35023 insertions(+), 23680 deletions(-) = 4%, took 100 seconds)
# 2021-01-10 (22690 insertions(+), 17160 deletions(-) = 2%, took 100 seconds)
# 2021-01-11 (22772 insertions(+), 16656 deletions(-) = 2%, took 100 seconds)
# 2021-01-12 (31341 insertions(+), 21412 deletions(-) = 3%, took 100 seconds)
# 2021-01-13 (34076 insertions(+), 22788 deletions(-) = 3%, took 100 seconds)
# 2021-01-14 (35868 insertions(+), 23081 deletions(-) = 4%, took 100 seconds)
# 2021-01-15 (36641 insertions(+), 24127 deletions(-) = 4%, took 100 seconds)
# 2021-01-16 (32092 insertions(+), 22972 deletions(-) = 3%, took 100 seconds)
# 2021-01-17 (22534 insertions(+), 17196 deletions(-) = 2%, took 100 seconds)
# 2021-01-18 (19086 insertions(+), 15389 deletions(-) = 2%, took 100 seconds)
# 2021-01-19 (30987 insertions(+), 20736 deletions(-) = 3%, took 100 seconds)
# 2021-01-20 (34820 insertions(+), 23519 deletions(-) = 3%, took 100 seconds)
# 2021-01-21 (36005 insertions(+), 23637 deletions(-) = 3%, took 200 seconds)
# 2021-01-22 (34714 insertions(+), 23507 deletions(-) = 3%, took 200 seconds)
# 2021-01-23 (31212 insertions(+), 20673 deletions(-) = 3%, took 200 seconds)
# 2021-01-24 (21224 insertions(+), 15842 deletions(-) = 2%, took 100 seconds)
# 2021-01-25 (18439 insertions(+), 14626 deletions(-) = 2%, took 100 seconds)
# 2021-01-26 (25996 insertions(+), 18462 deletions(-) = 2%, took 100 seconds)
# 2021-01-27 (31502 insertions(+), 21252 deletions(-) = 3%, took 100 seconds)
# 2021-01-28 (33669 insertions(+), 21660 deletions(-) = 3%, took 100 seconds)
# 2021-01-29 (30434 insertions(+), 20652 deletions(-) = 3%, took 100 seconds)
# 2021-01-30 (28194 insertions(+), 19317 deletions(-) = 2%, took 100 seconds)
# 2021-01-31 (19208 insertions(+), 14107 deletions(-) = 2%, took 100 seconds)
# 2021-02-01 (11949 insertions(+), 11949 deletions(-) = 1%, took 100 seconds)
# 2021-02-02 (37694 insertions(+), 27400 deletions(-) = 3%, took 200 seconds)
# 2021-02-03 (27237 insertions(+), 19013 deletions(-) = 2%, took 100 seconds)
# 2021-02-04 (29843 insertions(+), 20010 deletions(-) = 3%, took 100 seconds)
# 2021-02-05 (30019 insertions(+), 20513 deletions(-) = 3%, took 100 seconds)
# 2021-02-06 (25497 insertions(+), 18315 deletions(-) = 2%, took 100 seconds)
# 2021-02-07 (16069 insertions(+), 11939 deletions(-) = 1%, took 100 seconds)
# 2021-02-08 (14068 insertions(+), 11179 deletions(-) = 1%, took 100 seconds)
# 2021-02-09 (18866 insertions(+), 14562 deletions(-) = 2%, took 100 seconds)
# 2021-02-10 (25701 insertions(+), 17593 deletions(-) = 2%, took 100 seconds)
# 2021-02-11 (25932 insertions(+), 17793 deletions(-) = 2%, took 100 seconds)
# 2021-02-12 (25067 insertions(+), 17484 deletions(-) = 2%, took 100 seconds)
# 2021-02-13 (22350 insertions(+), 15816 deletions(-) = 2%, took 100 seconds)
# 2021-02-14 (13693 insertions(+), 10516 deletions(-) = 1%, took 100 seconds)
# 2021-02-15 (12329 insertions(+), 9640 deletions(-) = 1%, took 100 seconds)
# 2021-02-16 (18597 insertions(+), 13619 deletions(-) = 1%, took 100 seconds)
# 2021-02-17 (22346 insertions(+), 15927 deletions(-) = 2%, took 100 seconds)
# 2021-02-18 (23367 insertions(+), 15784 deletions(-) = 2%, took 100 seconds)
# 2021-02-19 (22212 insertions(+), 15773 deletions(-) = 2%, took 100 seconds)
# 2021-02-20 (21676 insertions(+), 14906 deletions(-) = 2%, took 100 seconds)
# 2021-02-21 (12982 insertions(+), 9516 deletions(-) = 1%, took 100 seconds)
# 2021-02-22 (11047 insertions(+), 8362 deletions(-) = 0.9%, took 100 seconds)
# 2021-02-23 (17068 insertions(+), 12162 deletions(-) = 1%, took 100 seconds)
# 2021-02-24 (20096 insertions(+), 13833 deletions(-) = 2%, took 100 seconds)
# 2021-02-25 (21924 insertions(+), 13885 deletions(-) = 2%, took 100 seconds)
# 2021-02-26 (21204 insertions(+), 14159 deletions(-) = 2%, took 100 seconds)
# 2021-02-27 (18983 insertions(+), 12324 deletions(-) = 1%, took 100 seconds)
# 2021-02-28 (12950 insertions(+), 9006 deletions(-) = 1%, took 100 seconds)
# 2021-03-01 (11200 insertions(+), 8232 deletions(-) = 0.8%, took 100 seconds)
# 2021-03-02 (15561 insertions(+), 11164 deletions(-) = 1%, took 100 seconds)
# 2021-03-03 (18864 insertions(+), 12179 deletions(-) = 1%, took 100 seconds)
# 2021-03-04 (21375 insertions(+), 13075 deletions(-) = 2%, took 100 seconds)
# 2021-03-05 (20555 insertions(+), 13335 deletions(-) = 2%, took 100 seconds)
# 2021-03-06 (18473 insertions(+), 12035 deletions(-) = 1%, took 100 seconds)
# 2021-03-07 (12160 insertions(+), 8259 deletions(-) = 0.9%, took 100 seconds)
# 2021-03-08 (10940 insertions(+), 7890 deletions(-) = 0.8%, took 100 seconds)
# 2021-03-09 (16144 insertions(+), 11062 deletions(-) = 1%, took 100 seconds)
# 2021-03-10 (18050 insertions(+), 11579 deletions(-) = 1%, took 100 seconds)
# 2021-03-11 (21410 insertions(+), 12361 deletions(-) = 2%, took 100 seconds)
# 2021-03-12 (20929 insertions(+), 13117 deletions(-) = 2%, took 200 seconds)
# 2021-03-13 (19072 insertions(+), 11673 deletions(-) = 1%, took 100 seconds)
# 2021-03-14 (13533 insertions(+), 8685 deletions(-) = 1%, took 100 seconds)
# 2021-03-15 (12058 insertions(+), 8748 deletions(-) = 0.9%, took 100 seconds)
# 2021-03-16 (17015 insertions(+), 11496 deletions(-) = 1%, took 100 seconds)
# 2021-03-17 (21251 insertions(+), 12852 deletions(-) = 1%, took 200 seconds)
# 2021-03-18 (22215 insertions(+), 12503 deletions(-) = 2%, took 200 seconds)
# 2021-03-19 (23568 insertions(+), 14046 deletions(-) = 2%, took 200 seconds)
# 2021-03-20 (21909 insertions(+), 13392 deletions(-) = 2%, took 200 seconds)
# 2021-03-21 (15735 insertions(+), 10091 deletions(-) = 1%, took 200 seconds)
# 2021-03-22 (13845 insertions(+), 9925 deletions(-) = 1%, took 100 seconds)
# 2021-03-23 (19874 insertions(+), 13030 deletions(-) = 1%, took 200 seconds)
# 2021-03-24 (23481 insertions(+), 14208 deletions(-) = 2%, took 200 seconds)
# 2021-03-25 (26004 insertions(+), 14743 deletions(-) = 2%, took 200 seconds)
# 2021-03-26 (27228 insertions(+), 16620 deletions(-) = 2%, took 200 seconds)
# 2021-03-27 (25794 insertions(+), 15730 deletions(-) = 2%, took 200 seconds)
# 2021-03-28 (19269 insertions(+), 12425 deletions(-) = 1%, took 200 seconds)
# 2021-03-29 (32559 insertions(+), 21118 deletions(-) = 2%, took 200 seconds)
# 2021-03-30 (23270 insertions(+), 34350 deletions(-) = 2%, took 200 seconds)
# 2021-03-31 (27745 insertions(+), 17348 deletions(-) = 2%, took 200 seconds)
# 2021-04-01 (28030 insertions(+), 16814 deletions(-) = 2%, took 200 seconds)
# 2021-04-02 (28119 insertions(+), 17190 deletions(-) = 2%, took 200 seconds)
# 2021-04-03 (22673 insertions(+), 15483 deletions(-) = 1%, took 200 seconds)
# 2021-04-04 (18035 insertions(+), 12710 deletions(-) = 1%, took 200 seconds)
# 2021-04-05 (16888 insertions(+), 12445 deletions(-) = 1%, took 200 seconds)
# 2021-04-06 (17265 insertions(+), 13025 deletions(-) = 1%, took 200 seconds)
# 2021-04-07 (24676 insertions(+), 16214 deletions(-) = 2%, took 200 seconds)
# 2021-04-08 (29676 insertions(+), 17907 deletions(-) = 2%, took 200 seconds)
# 2021-04-09 (31017 insertions(+), 18163 deletions(-) = 2%, took 200 seconds)
# 2021-04-10 (29641 insertions(+), 18386 deletions(-) = 2%, took 200 seconds)
# 2021-04-11 (19972 insertions(+), 14078 deletions(-) = 1%, took 200 seconds)
# 2021-04-12 (19707 insertions(+), 13837 deletions(-) = 1%, took 200 seconds)
# 2021-04-13 (25745 insertions(+), 16821 deletions(-) = 2%, took 200 seconds)
# 2021-04-14 (30458 insertions(+), 18997 deletions(-) = 2%, took 200 seconds)
# 2021-04-15 (33127 insertions(+), 19578 deletions(-) = 2%, took 200 seconds)
# 2021-04-16 (32514 insertions(+), 20727 deletions(-) = 2%, took 200 seconds)
# 2021-04-17 (30663 insertions(+), 20046 deletions(-) = 2%, took 200 seconds)
# 2021-04-18 (22712 insertions(+), 16174 deletions(-) = 1%, took 200 seconds)
# 2021-04-19 (18990 insertions(+), 14431 deletions(-) = 1%, took 200 seconds)
# 2021-04-20 (25991 insertions(+), 18013 deletions(-) = 2%, took 200 seconds)
# 2021-04-21 (32273 insertions(+), 20418 deletions(-) = 2%, took 200 seconds)
# 2021-04-22 (34543 insertions(+), 21679 deletions(-) = 2%, took 200 seconds)
# 2021-04-23 (35348 insertions(+), 23027 deletions(-) = 2%, took 200 seconds)
# 2021-04-24 (33167 insertions(+), 22312 deletions(-) = 2%, took 200 seconds)
# 2021-04-25 (22590 insertions(+), 16470 deletions(-) = 1%, took 200 seconds)
# 2021-04-26 (21137 insertions(+), 15938 deletions(-) = 1%, took 200 seconds)
# 2021-04-27 (28797 insertions(+), 19974 deletions(-) = 2%, took 200 seconds)
# 2021-04-28 (31932 insertions(+), 20888 deletions(-) = 2%, took 200 seconds)
# 2021-04-29 (33821 insertions(+), 21468 deletions(-) = 2%, took 200 seconds)
# 2021-04-30 (36351 insertions(+), 23744 deletions(-) = 2%, took 200 seconds)
# 2021-05-01 (32100 insertions(+), 22127 deletions(-) = 2%, took 200 seconds)
# 2021-05-02 (22457 insertions(+), 16141 deletions(-) = 1%, took 200 seconds)
# 2021-05-03 (19620 insertions(+), 15168 deletions(-) = 1%, took 200 seconds)
# 2021-05-04 (27719 insertions(+), 19568 deletions(-) = 2%, took 200 seconds)
# 2021-05-05 (31588 insertions(+), 21006 deletions(-) = 2%, took 200 seconds)
# 2021-05-06 (33436 insertions(+), 21259 deletions(-) = 2%, took 200 seconds)
# 2021-05-07 (33427 insertions(+), 22765 deletions(-) = 2%, took 200 seconds)
# 2021-05-08 (30684 insertions(+), 21478 deletions(-) = 2%, took 200 seconds)
# 2021-05-09 (20580 insertions(+), 15428 deletions(-) = 1%, took 200 seconds)
# 2021-05-10 (18163 insertions(+), 14442 deletions(-) = 1%, took 200 seconds)
# 2021-05-11 (24805 insertions(+), 18093 deletions(-) = 1%, took 200 seconds)
# 2021-05-12 (30880 insertions(+), 20648 deletions(-) = 2%, took 200 seconds)
# 2021-05-13 (31037 insertions(+), 20528 deletions(-) = 2%, took 200 seconds)
# 2021-05-14 (23976 insertions(+), 18740 deletions(-) = 1%, took 200 seconds)
# 2021-05-15 (25158 insertions(+), 17908 deletions(-) = 1%, took 200 seconds)
# 2021-05-16 (17201 insertions(+), 12786 deletions(-) = 0.9%, took 200 seconds)
# 2021-05-17 (15925 insertions(+), 12682 deletions(-) = 0.8%, took 200 seconds)
# 2021-05-18 (23190 insertions(+), 17143 deletions(-) = 1%, took 300 seconds)
# 2021-05-19 (28369 insertions(+), 19786 deletions(-) = 1%, took 200 seconds)
# 2021-05-20 (28854 insertions(+), 19808 deletions(-) = 1%, took 200 seconds)
# 2021-05-21 (28252 insertions(+), 20336 deletions(-) = 1%, took 200 seconds)
# 2021-05-22 (23441 insertions(+), 18212 deletions(-) = 1%, took 200 seconds)
# 2021-05-23 (15013 insertions(+), 11767 deletions(-) = 0.8%, took 200 seconds)
# 2021-05-24 (12603 insertions(+), 11061 deletions(-) = 0.6%, took 200 seconds)
# 2021-05-25 (12239 insertions(+), 11064 deletions(-) = 0.6%, took 200 seconds)
# 2021-05-26 (17931 insertions(+), 14053 deletions(-) = 0.9%, took 200 seconds)
# 2021-05-27 (20649 insertions(+), 14714 deletions(-) = 1%, took 200 seconds)
# 2021-05-28 (20343 insertions(+), 14455 deletions(-) = 1%, took 200 seconds)
# 2021-05-29 (18499 insertions(+), 13631 deletions(-) = 0.9%, took 200 seconds)
# 2021-05-30 (11821 insertions(+), 9805 deletions(-) = 0.6%, took 200 seconds)
# 2021-05-31 (9484 insertions(+), 8336 deletions(-) = 0.5%, took 200 seconds)
# 2021-06-01 (14912 insertions(+), 11735 deletions(-) = 0.7%, took 200 seconds)
# 2021-06-02 (17343 insertions(+), 12963 deletions(-) = 0.9%, took 200 seconds)
# 2021-06-03 (16803 insertions(+), 12235 deletions(-) = 0.8%, took 200 seconds)
# 2021-06-04 (12766 insertions(+), 10489 deletions(-) = 0.6%, took 200 seconds)
# 2021-06-05 (12803 insertions(+), 9975 deletions(-) = 0.6%, took 200 seconds)
# 2021-06-06 (8359 insertions(+), 6615 deletions(-) = 0.4%, took 200 seconds)
# 2021-06-07 (6634 insertions(+), 5714 deletions(-) = 0.3%, took 200 seconds)
# 2021-06-08 (11836 insertions(+), 9051 deletions(-) = 0.6%, took 200 seconds)
# 2021-06-09 (14036 insertions(+), 10307 deletions(-) = 0.7%, took 200 seconds)
# 2021-06-10 (16068 insertions(+), 11928 deletions(-) = 0.8%, took 200 seconds)
# 2021-06-11 (13653 insertions(+), 10446 deletions(-) = 0.7%, took 200 seconds)
# 2021-06-12 (11312 insertions(+), 8485 deletions(-) = 0.6%, took 200 seconds)
# 2021-06-13 (6009 insertions(+), 4921 deletions(-) = 0.3%, took 200 seconds)
# 2021-06-14 (4443 insertions(+), 4023 deletions(-) = 0.2%, took 200 seconds)
# 2021-06-15 (10049 insertions(+), 7557 deletions(-) = 0.5%, took 200 seconds)
# 2021-06-16 (13969 insertions(+), 9762 deletions(-) = 0.7%, took 200 seconds)
# 2021-06-17 (12572 insertions(+), 9224 deletions(-) = 0.6%, took 200 seconds)
# 2021-06-18 (10007 insertions(+), 7844 deletions(-) = 0.5%, took 200 seconds)
# 2021-06-19 (9090 insertions(+), 6744 deletions(-) = 0.4%, took 200 seconds)
# 2021-06-20 (4102 insertions(+), 3480 deletions(-) = 0.2%, took 200 seconds)
# 2021-06-21 (3146 insertions(+), 2631 deletions(-) = 0.2%, took 200 seconds)
# 2021-06-22 (6919 insertions(+), 5033 deletions(-) = 0.3%, took 200 seconds)
# 2021-06-23 (9379 insertions(+), 6660 deletions(-) = 0.5%, took 200 seconds)
# 2021-06-24 (9094 insertions(+), 6923 deletions(-) = 0.4%, took 200 seconds)
# 2021-06-25 (8075 insertions(+), 6358 deletions(-) = 0.4%, took 200 seconds)
# 2021-06-26 (7268 insertions(+), 5508 deletions(-) = 0.4%, took 200 seconds)
# 2021-06-27 (3225 insertions(+), 2748 deletions(-) = 0.2%, took 200 seconds)
# 2021-06-28 (2313 insertions(+), 1973 deletions(-) = 0.1%, took 200 seconds)
# 2021-06-29 (5765 insertions(+), 4277 deletions(-) = 0.3%, took 200 seconds)
# 2021-06-30 (6911 insertions(+), 5133 deletions(-) = 0.3%, took 200 seconds)
# 2021-07-01 (6791 insertions(+), 4756 deletions(-) = 0.3%, took 200 seconds)
# 2021-07-02 (6945 insertions(+), 4786 deletions(-) = 0.3%, took 200 seconds)
# 2021-07-03 (5104 insertions(+), 3594 deletions(-) = 0.2%, took 200 seconds)
# 2021-07-04 (1985 insertions(+), 1403 deletions(-) = 0.09%, took 200 seconds)
# 2021-07-05 (1595 insertions(+), 1234 deletions(-) = 0.08%, took 200 seconds)
# 2021-07-06 (4116 insertions(+), 2811 deletions(-) = 0.2%, took 200 seconds)
# 2021-07-07 (5572 insertions(+), 3797 deletions(-) = 0.3%, took 200 seconds)
# 2021-07-08 (6537 insertions(+), 4272 deletions(-) = 0.3%, took 200 seconds)
# 2021-07-09 (4999 insertions(+), 3390 deletions(-) = 0.2%, took 200 seconds)
# 2021-07-10 (4263 insertions(+), 2824 deletions(-) = 0.2%, took 200 seconds)
# 2021-07-11 (2317 insertions(+), 1391 deletions(-) = 0.1%, took 200 seconds)
# 2021-07-12 (1537 insertions(+), 1159 deletions(-) = 0.07%, took 200 seconds)
# 2021-07-13 (3463 insertions(+), 2160 deletions(-) = 0.2%, took 200 seconds)
# 2021-07-14 (4604 insertions(+), 2725 deletions(-) = 0.2%, took 200 seconds)
# 2021-07-15 (4777 insertions(+), 2735 deletions(-) = 0.2%, took 200 seconds)
# 2021-07-16 (4541 insertions(+), 2748 deletions(-) = 0.2%, took 200 seconds)
# 2021-07-17 (3957 insertions(+), 2322 deletions(-) = 0.2%, took 200 seconds)
# 2021-07-18 (2251 insertions(+), 1370 deletions(-) = 0.1%, took 100 seconds)
# 2021-07-19 (1798 insertions(+), 1192 deletions(-) = 0.09%, took 100 seconds)
# 2021-07-20 (4251 insertions(+), 2456 deletions(-) = 0.2%, took 200 seconds)
# 2021-07-21 (5477 insertions(+), 3061 deletions(-) = 0.3%, took 200 seconds)
# 2021-07-22 (5744 insertions(+), 3254 deletions(-) = 0.3%, took 200 seconds)
# 2021-07-23 (5643 insertions(+), 3327 deletions(-) = 0.3%, took 200 seconds)
# 2021-07-24 (4880 insertions(+), 2981 deletions(-) = 0.2%, took 200 seconds)
# 2021-07-25 (2595 insertions(+), 1728 deletions(-) = 0.1%, took 200 seconds)
# 2021-07-26 (2570 insertions(+), 1726 deletions(-) = 0.1%, took 200 seconds)
# 2021-07-27 (4892 insertions(+), 2965 deletions(-) = 0.2%, took 200 seconds)
# 2021-07-28 (5906 insertions(+), 3384 deletions(-) = 0.3%, took 200 seconds)
# 2021-07-29 (16641 insertions(+), 12789 deletions(-) = 0.8%, took 200 seconds)
# 2021-07-30 (12129 insertions(+), 13159 deletions(-) = 0.6%, took 200 seconds)
# 2021-07-31 (10104 insertions(+), 5806 deletions(-) = 0.5%, took 200 seconds)
# 2021-08-01 (3520 insertions(+), 2044 deletions(-) = 0.2%, took 200 seconds)
# 2021-08-02 (3178 insertions(+), 2378 deletions(-) = 0.1%, took 200 seconds)
# 2021-08-03 (5471 insertions(+), 3422 deletions(-) = 0.3%, took 200 seconds)
# 2021-08-04 (7057 insertions(+), 3919 deletions(-) = 0.3%, took 200 seconds)
# 2021-08-05 (7376 insertions(+), 4213 deletions(-) = 0.3%, took 200 seconds)
# 2021-08-06 (7030 insertions(+), 4163 deletions(-) = 0.3%, took 200 seconds)
# 2021-08-07 (6344 insertions(+), 3732 deletions(-) = 0.3%, took 200 seconds)
# 2021-08-08 (4355 insertions(+), 2513 deletions(-) = 0.2%, took 200 seconds)
# 2021-08-09 (3530 insertions(+), 2707 deletions(-) = 0.2%, took 200 seconds)
# 2021-08-10 (6968 insertions(+), 4287 deletions(-) = 0.3%, took 200 seconds)
# 2021-08-11 (8082 insertions(+), 4248 deletions(-) = 0.4%, took 200 seconds)
# 2021-08-12 (8249 insertions(+), 4308 deletions(-) = 0.4%, took 200 seconds)
# 2021-08-13 (8583 insertions(+), 4568 deletions(-) = 0.4%, took 200 seconds)
# 2021-08-14 (7650 insertions(+), 4062 deletions(-) = 0.4%, took 200 seconds)
# 2021-08-15 (5455 insertions(+), 3079 deletions(-) = 0.3%, took 200 seconds)
# 2021-08-16 (4781 insertions(+), 3499 deletions(-) = 0.2%, took 200 seconds)
# 2021-08-17 (8471 insertions(+), 4975 deletions(-) = 0.4%, took 200 seconds)
# 2021-08-18 (10447 insertions(+), 5259 deletions(-) = 0.5%, took 200 seconds)
# 2021-08-19 (10757 insertions(+), 5488 deletions(-) = 0.5%, took 200 seconds)
# 2021-08-20 (11107 insertions(+), 6067 deletions(-) = 0.5%, took 200 seconds)
# 2021-08-21 (10380 insertions(+), 5752 deletions(-) = 0.5%, took 200 seconds)
# 2021-08-22 (7278 insertions(+), 4231 deletions(-) = 0.3%, took 200 seconds)
# 2021-08-23 (6551 insertions(+), 4663 deletions(-) = 0.3%, took 200 seconds)
# 2021-08-24 (10900 insertions(+), 6469 deletions(-) = 0.5%, took 200 seconds)
# 2021-08-25 (13294 insertions(+), 6934 deletions(-) = 0.6%, took 200 seconds)
# 2021-08-26 (13959 insertions(+), 7029 deletions(-) = 0.6%, took 200 seconds)
# 2021-08-27 (15678 insertions(+), 8420 deletions(-) = 0.7%, took 200 seconds)
# 2021-08-28 (14249 insertions(+), 8503 deletions(-) = 0.6%, took 200 seconds)
# 2021-08-29 (10043 insertions(+), 6255 deletions(-) = 0.4%, took 200 seconds)
# 2021-08-30 (8680 insertions(+), 6422 deletions(-) = 0.4%, took 200 seconds)
# 2021-08-31 (13257 insertions(+), 8213 deletions(-) = 0.6%, took 200 seconds)
# 2021-09-01 (16990 insertions(+), 9256 deletions(-) = 0.8%, took 200 seconds)
# 2021-09-02 (15899 insertions(+), 8878 deletions(-) = 0.7%, took 200 seconds)
# 2021-09-03 (18400 insertions(+), 10238 deletions(-) = 0.8%, took 200 seconds)
# 2021-09-04 (15512 insertions(+), 9676 deletions(-) = 0.7%, took 200 seconds)
# 2021-09-05 (11931 insertions(+), 7488 deletions(-) = 0.5%, took 200 seconds)
# 2021-09-06 (10241 insertions(+), 7788 deletions(-) = 0.4%, took 200 seconds)
# 2021-09-07 (15521 insertions(+), 9758 deletions(-) = 0.7%, took 200 seconds)
# 2021-09-08 (19476 insertions(+), 11080 deletions(-) = 0.9%, took 200 seconds)
# 2021-09-09 (12750 insertions(+), 12750 deletions(-) = 0.6%, took 200 seconds)
# 2021-09-10 (36005 insertions(+), 19613 deletions(-) = 2%, took 300 seconds)
# 2021-09-11 (17650 insertions(+), 11176 deletions(-) = 0.8%, took 200 seconds)
# 2021-09-12 (10988 insertions(+), 8034 deletions(-) = 0.5%, took 200 seconds)
# 2021-09-13 (12019 insertions(+), 8636 deletions(-) = 0.5%, took 200 seconds)
# 2021-09-14 (16997 insertions(+), 11222 deletions(-) = 0.7%, took 200 seconds)
# 2021-09-15 (20516 insertions(+), 12369 deletions(-) = 0.9%, took 300 seconds)
# 2021-09-16 (20898 insertions(+), 12495 deletions(-) = 0.9%, took 300 seconds)
# 2021-09-17 (21245 insertions(+), 13713 deletions(-) = 0.9%, took 300 seconds)
# 2021-09-18 (17893 insertions(+), 12130 deletions(-) = 0.8%, took 200 seconds)
# 2021-09-19 (12483 insertions(+), 9034 deletions(-) = 0.5%, took 200 seconds)
# 2021-09-20 (11217 insertions(+), 8816 deletions(-) = 0.5%, took 200 seconds)
# 2021-09-21 (17479 insertions(+), 12066 deletions(-) = 0.7%, took 200 seconds)
# 2021-09-22 (20626 insertions(+), 13020 deletions(-) = 0.9%, took 300 seconds)
# 2021-09-23 (23043 insertions(+), 14361 deletions(-) = 1%, took 300 seconds)
# 2021-09-24 (20366 insertions(+), 13454 deletions(-) = 0.9%, took 300 seconds)
# 2021-09-25 (16006 insertions(+), 11377 deletions(-) = 0.7%, took 300 seconds)
# 2021-09-26 (12189 insertions(+), 8078 deletions(-) = 0.5%, took 200 seconds)
# 2021-09-27 (11146 insertions(+), 8967 deletions(-) = 0.5%, took 200 seconds)
# 2021-09-28 (16521 insertions(+), 11673 deletions(-) = 0.7%, took 300 seconds)
# 2021-09-29 (19412 insertions(+), 12041 deletions(-) = 0.8%, took 300 seconds)
# 2021-09-30 (20573 insertions(+), 12433 deletions(-) = 0.9%, took 300 seconds)
# 2021-10-01 (20859 insertions(+), 14863 deletions(-) = 0.9%, took 200 seconds)
# 2021-10-02 (17403 insertions(+), 11822 deletions(-) = 0.7%, took 300 seconds)
# 2021-10-03 (10981 insertions(+), 8054 deletions(-) = 0.5%, took 300 seconds)
# 2021-10-04 (9978 insertions(+), 8205 deletions(-) = 0.4%, took 300 seconds)
# 2021-10-05 (16546 insertions(+), 11534 deletions(-) = 0.7%, took 300 seconds)
# 2021-10-06 (19429 insertions(+), 12015 deletions(-) = 0.8%, took 300 seconds)
# 2021-10-07 (20126 insertions(+), 12309 deletions(-) = 0.8%, took 300 seconds)
# 2021-10-08 (19501 insertions(+), 12622 deletions(-) = 0.8%, took 300 seconds)
# 2021-10-09 (16902 insertions(+), 11027 deletions(-) = 0.7%, took 300 seconds)
# 2021-10-10 (11678 insertions(+), 8059 deletions(-) = 0.5%, took 300 seconds)
# 2021-10-11 (10512 insertions(+), 8494 deletions(-) = 0.4%, took 300 seconds)
# 2021-10-12 (15958 insertions(+), 10999 deletions(-) = 0.6%, took 300 seconds)
# 2021-10-13 (20080 insertions(+), 11895 deletions(-) = 0.8%, took 500 seconds)
# 2021-10-14 (19643 insertions(+), 11571 deletions(-) = 0.8%, took 300 seconds)
# 2021-10-15 (20289 insertions(+), 12600 deletions(-) = 0.8%, took 300 seconds)
# 2021-10-16 (18318 insertions(+), 11412 deletions(-) = 0.7%, took 300 seconds)
# 2021-10-17 (12541 insertions(+), 8426 deletions(-) = 0.5%, took 300 seconds)
# 2021-10-18 (11194 insertions(+), 8762 deletions(-) = 0.4%, took 300 seconds)
# 2021-10-19 (17725 insertions(+), 11463 deletions(-) = 0.7%, took 300 seconds)
# 2021-10-20 (21435 insertions(+), 12014 deletions(-) = 0.8%, took 300 seconds)
# 2021-10-21 (22478 insertions(+), 12732 deletions(-) = 0.9%, took 300 seconds)
# 2021-10-22 (24983 insertions(+), 14061 deletions(-) = 1%, took 300 seconds)
